2026-06-11 22:14:26,665 INFO o.a.j.u.JMeterUtils: Setting Locale to en_EN
2026-06-11 22:14:26,682 INFO o.a.j.JMeter: Loading user properties from: C:\Training\PlaywrightTrainings\Mar_2026\playwright-tdd-framwork\tests\load\jmeter\bin\user.properties
2026-06-11 22:14:26,683 INFO o.a.j.JMeter: Loading system properties from: C:\Training\PlaywrightTrainings\Mar_2026\playwright-tdd-framwork\tests\load\jmeter\bin\system.properties
2026-06-11 22:14:26,691 INFO o.a.j.JMeter: Copyright (c) 1998-2024 The Apache Software Foundation
2026-06-11 22:14:26,691 INFO o.a.j.JMeter: Version 5.6.3
2026-06-11 22:14:26,692 INFO o.a.j.JMeter: java.version=25.0.1
2026-06-11 22:14:26,692 INFO o.a.j.JMeter: java.vm.name=Java HotSpot(TM) 64-Bit Server VM
2026-06-11 22:14:26,692 INFO o.a.j.JMeter: os.name=Windows 11
2026-06-11 22:14:26,692 INFO o.a.j.JMeter: os.arch=amd64
2026-06-11 22:14:26,692 INFO o.a.j.JMeter: os.version=10.0
2026-06-11 22:14:26,692 INFO o.a.j.JMeter: file.encoding=UTF-8
2026-06-11 22:14:26,692 INFO o.a.j.JMeter: java.awt.headless=true
2026-06-11 22:14:26,692 INFO o.a.j.JMeter: Max memory     =1073741824
2026-06-11 22:14:26,692 INFO o.a.j.JMeter: Available Processors =8
2026-06-11 22:14:26,709 INFO o.a.j.JMeter: Default Locale=English (EN)
2026-06-11 22:14:26,709 INFO o.a.j.JMeter: JMeter  Locale=English (EN)
2026-06-11 22:14:26,709 INFO o.a.j.JMeter: JMeterHome=C:\Training\PlaywrightTrainings\Mar_2026\playwright-tdd-framwork\tests\load\jmeter
2026-06-11 22:14:26,709 INFO o.a.j.JMeter: user.dir  =C:\Training\PlaywrightTrainings\Mar_2026\playwright-tdd-framwork
2026-06-11 22:14:26,711 INFO o.a.j.JMeter: PWD       =C:\Training\PlaywrightTrainings\Mar_2026\playwright-tdd-framwork
2026-06-11 22:14:26,712 INFO o.a.j.JMeter: IP: 192.168.88.7 Name: BharathReddy FullName: BharathReddy
2026-06-11 22:14:26,725 INFO o.a.j.JMeter: Setting property 'jmeter.reportgenerator.outputdir' to:'C:\Training\PlaywrightTrainings\Mar_2026\playwright-tdd-framwork\tests\load\jmeter\report-output'
2026-06-11 22:14:26,730 INFO o.a.j.r.d.ReportGenerator: ReportGenerator will use for Parsing the separator: ','
2026-06-11 22:14:26,730 INFO o.a.j.r.d.ReportGenerator: Will only generate report from results file: C:\Training\PlaywrightTrainings\Mar_2026\playwright-tdd-framwork/tests/load/jmeter/results/TestResults_1781196249720.csv
2026-06-11 22:14:26,731 INFO o.a.j.r.d.ReportGenerator: Reading report generator properties from: C:\Training\PlaywrightTrainings\Mar_2026\playwright-tdd-framwork\tests\load\jmeter\bin\reportgenerator.properties
2026-06-11 22:14:26,731 INFO o.a.j.r.d.ReportGenerator: Merging with JMeter properties
2026-06-11 22:14:26,736 INFO o.a.j.r.c.ReportGeneratorConfiguration: Property 'jmeter.reportgenerator.temp_dir' not found, using default value 'temp' instead.
2026-06-11 22:14:26,740 INFO o.a.j.r.c.ReportGeneratorConfiguration: Property 'jmeter.reportgenerator.apdex_per_transaction' not found, using default value 'null' instead.
2026-06-11 22:14:26,747 INFO o.a.j.r.c.ReportGeneratorConfiguration: apdex_per_transaction is empty, not APDEX per transaction customization
2026-06-11 22:14:26,747 INFO o.a.j.r.c.ReportGeneratorConfiguration: Property 'jmeter.reportgenerator.sample_filter' not found, using default value 'null' instead.
2026-06-11 22:14:26,747 INFO o.a.j.r.c.ReportGeneratorConfiguration: Property 'jmeter.reportgenerator.report_title' not found, using default value 'null' instead.
2026-06-11 22:14:26,747 INFO o.a.j.r.c.ReportGeneratorConfiguration: Property 'jmeter.reportgenerator.start_date' not found, using default value 'null' instead.
2026-06-11 22:14:26,747 INFO o.a.j.r.c.ReportGeneratorConfiguration: Property 'jmeter.reportgenerator.end_date' not found, using default value 'null' instead.
2026-06-11 22:14:26,747 INFO o.a.j.r.c.ReportGeneratorConfiguration: Property 'jmeter.reportgenerator.date_format' not found, using default value 'null' instead.
2026-06-11 22:14:26,747 INFO o.a.j.r.c.ReportGeneratorConfiguration: Will use date range start date: null, end date: null
2026-06-11 22:14:26,753 INFO o.a.j.r.c.ReportGeneratorConfiguration: Property 'jmeter.reportgenerator.graph.totalTPS.exclude_controllers' not found, using default value 'false' instead.
2026-06-11 22:14:26,753 INFO o.a.j.r.c.ReportGeneratorConfiguration: Property 'jmeter.reportgenerator.graph.activeThreadsOverTime.exclude_controllers' not found, using default value 'false' instead.
2026-06-11 22:14:26,754 INFO o.a.j.r.c.ReportGeneratorConfiguration: Property 'jmeter.reportgenerator.graph.timeVsThreads.exclude_controllers' not found, using default value 'false' instead.
2026-06-11 22:14:26,754 INFO o.a.j.r.c.ReportGeneratorConfiguration: Property 'jmeter.reportgenerator.graph.responseTimeDistribution.exclude_controllers' not found, using default value 'false' instead.
2026-06-11 22:14:26,754 INFO o.a.j.r.c.ReportGeneratorConfiguration: Property 'jmeter.reportgenerator.graph.transactionsPerSecond.exclude_controllers' not found, using default value 'false' instead.
2026-06-11 22:14:26,754 INFO o.a.j.r.c.ReportGeneratorConfiguration: Property 'jmeter.reportgenerator.graph.responseTimePercentiles.exclude_controllers' not found, using default value 'false' instead.
2026-06-11 22:14:26,754 INFO o.a.j.r.c.ReportGeneratorConfiguration: Property 'jmeter.reportgenerator.graph.responseTimePercentilesOverTime.exclude_controllers' not found, using default value 'false' instead.
2026-06-11 22:14:26,754 INFO o.a.j.r.c.ReportGeneratorConfiguration: Property 'jmeter.reportgenerator.graph.responseTimesOverTime.exclude_controllers' not found, using default value 'false' instead.
2026-06-11 22:14:26,755 INFO o.a.j.r.c.ReportGeneratorConfiguration: Property 'jmeter.reportgenerator.graph.connectTimeOverTime.exclude_controllers' not found, using default value 'false' instead.
2026-06-11 22:14:26,755 INFO o.a.j.r.c.ReportGeneratorConfiguration: Property 'jmeter.reportgenerator.graph.latenciesOverTime.exclude_controllers' not found, using default value 'false' instead.
2026-06-11 22:14:26,756 INFO o.a.j.r.c.ReportGeneratorConfiguration: Property 'jmeter.reportgenerator.exporter.json.filters_only_sample_series' not found, using default value 'true' instead.
2026-06-11 22:14:26,756 INFO o.a.j.r.c.ReportGeneratorConfiguration: Property 'jmeter.reportgenerator.exporter.json.series_filter' not found, using default value '' instead.
2026-06-11 22:14:26,756 INFO o.a.j.r.c.ReportGeneratorConfiguration: Property 'jmeter.reportgenerator.exporter.json.show_controllers_only' not found, using default value 'false' instead.
2026-06-11 22:14:26,756 INFO o.a.j.r.c.ReportGeneratorConfiguration: Property 'jmeter.reportgenerator.exporter.html.filters_only_sample_series' not found, using default value 'true' instead.
2026-06-11 22:14:26,757 INFO o.a.j.r.c.ReportGeneratorConfiguration: Property 'jmeter.reportgenerator.exporter.html.series_filter' not found, using default value '' instead.
2026-06-11 22:14:26,757 INFO o.a.j.r.c.ReportGeneratorConfiguration: Property 'jmeter.reportgenerator.exporter.html.show_controllers_only' not found, using default value 'false' instead.
2026-06-11 22:14:27,144 INFO o.a.j.s.SaveService: Testplan (JMX) version: 2.2. Testlog (JTL) version: 2.2
2026-06-11 22:14:27,208 INFO o.a.j.s.SaveService: Using SaveService properties version 5.0
2026-06-11 22:14:27,219 INFO o.a.j.s.SaveService: Using SaveService properties file encoding UTF-8
2026-06-11 22:14:27,278 INFO o.a.j.r.p.NormalizerSampleConsumer: Using format, 'ms', to parse timeStamp field
2026-06-11 22:14:27,521 INFO o.a.j.r.p.AbstractSampleConsumer: class org.apache.jmeter.report.processor.AggregateConsumer#stopProducing(): beginDate produced 0 samples
2026-06-11 22:14:27,521 INFO o.a.j.r.p.AbstractSampleConsumer: class org.apache.jmeter.report.processor.AggregateConsumer#stopProducing(): endDate produced 0 samples
2026-06-11 22:14:27,524 INFO o.a.j.r.p.AbstractSampleConsumer: class org.apache.jmeter.report.processor.ApdexSummaryConsumer#stopProducing(): apdexSummary produced 0 samples
2026-06-11 22:14:27,525 INFO o.a.j.r.p.AbstractSampleConsumer: class org.apache.jmeter.report.processor.RequestsSummaryConsumer#stopProducing(): requestsSummary produced 0 samples
2026-06-11 22:14:27,535 INFO o.a.j.r.p.AbstractSampleConsumer: class org.apache.jmeter.report.processor.StatisticsSummaryConsumer#stopProducing(): statisticsSummary produced 0 samples
2026-06-11 22:14:27,538 INFO o.a.j.r.p.AbstractSampleConsumer: class org.apache.jmeter.report.processor.Top5ErrorsBySamplerConsumer#stopProducing(): top5ErrorsBySampler produced 0 samples
2026-06-11 22:14:27,538 INFO o.a.j.r.p.AbstractSampleConsumer: class org.apache.jmeter.report.processor.ErrorsSummaryConsumer#stopProducing(): errorsSummary produced 0 samples
2026-06-11 22:14:27,538 INFO o.a.j.r.p.AbstractSampleConsumer: class org.apache.jmeter.report.processor.graph.impl.HitsPerSecondGraphConsumer#stopProducing(): hitsPerSecond produced 0 samples
2026-06-11 22:14:27,586 INFO o.a.j.r.p.AbstractSampleConsumer: class org.apache.jmeter.report.processor.graph.impl.LatencyVSRequestGraphConsumer#stopProducing(): latencyVsRequest produced 0 samples
2026-06-11 22:14:27,587 INFO o.a.j.r.p.AbstractSampleConsumer: class org.apache.jmeter.report.processor.graph.impl.SyntheticResponseTimeDistributionGraphConsumer#stopProducing(): syntheticResponseTimeDistribution produced 0 samples
2026-06-11 22:14:27,588 INFO o.a.j.r.p.AbstractSampleConsumer: class org.apache.jmeter.report.processor.graph.impl.BytesThroughputGraphConsumer#stopProducing(): bytesThroughputOverTime produced 0 samples
2026-06-11 22:14:27,588 INFO o.a.j.r.p.AbstractSampleConsumer: class org.apache.jmeter.report.processor.graph.impl.CodesPerSecondGraphConsumer#stopProducing(): codesPerSecond produced 0 samples
2026-06-11 22:14:27,609 INFO o.a.j.r.p.AbstractSampleConsumer: class org.apache.jmeter.report.processor.graph.impl.ResponseTimeVSRequestGraphConsumer#stopProducing(): responseTimeVsRequest produced 0 samples
2026-06-11 22:14:27,611 INFO o.a.j.r.p.AbstractSampleConsumer: class org.apache.jmeter.report.processor.FilterConsumer#stopProducing(): startIntervalControlerFilter produced 2800 samples
2026-06-11 22:14:27,611 INFO o.a.j.r.p.AbstractSampleConsumer: class org.apache.jmeter.report.processor.graph.impl.TotalTPSGraphConsumer#stopProducing(): totalTPS produced 0 samples
2026-06-11 22:14:27,612 INFO o.a.j.r.p.AbstractSampleConsumer: class org.apache.jmeter.report.processor.graph.impl.ActiveThreadsGraphConsumer#stopProducing(): activeThreadsOverTime produced 0 samples
2026-06-11 22:14:27,612 INFO o.a.j.r.p.AbstractSampleConsumer: class org.apache.jmeter.report.processor.graph.impl.TimeVSThreadGraphConsumer#stopProducing(): timeVsThreads produced 0 samples
2026-06-11 22:14:27,614 INFO o.a.j.r.p.AbstractSampleConsumer: class org.apache.jmeter.report.processor.graph.impl.ResponseTimeDistributionGraphConsumer#stopProducing(): responseTimeDistribution produced 0 samples
2026-06-11 22:14:27,614 INFO o.a.j.r.p.AbstractSampleConsumer: class org.apache.jmeter.report.processor.graph.impl.TransactionsPerSecondGraphConsumer#stopProducing(): transactionsPerSecond produced 0 samples
2026-06-11 22:14:27,614 INFO o.a.j.r.p.AbstractSampleConsumer: class org.apache.jmeter.report.processor.graph.impl.ResponseTimePercentilesGraphConsumer#stopProducing(): responseTimePercentiles produced 0 samples
2026-06-11 22:14:27,618 INFO o.a.j.r.p.AbstractSampleConsumer: class org.apache.jmeter.report.processor.graph.impl.ResponseTimePercentilesOverTimeGraphConsumer#stopProducing(): responseTimePercentilesOverTime produced 0 samples
2026-06-11 22:14:27,619 INFO o.a.j.r.p.AbstractSampleConsumer: class org.apache.jmeter.report.processor.graph.impl.ResponseTimeOverTimeGraphConsumer#stopProducing(): responseTimesOverTime produced 0 samples
2026-06-11 22:14:27,619 INFO o.a.j.r.p.AbstractSampleConsumer: class org.apache.jmeter.report.processor.graph.impl.ConnectTimeOverTimeGraphConsumer#stopProducing(): connectTimeOverTime produced 0 samples
2026-06-11 22:14:27,619 INFO o.a.j.r.p.AbstractSampleConsumer: class org.apache.jmeter.report.processor.graph.impl.LatencyOverTimeGraphConsumer#stopProducing(): latenciesOverTime produced 0 samples
2026-06-11 22:14:27,619 INFO o.a.j.r.p.AbstractSampleConsumer: class org.apache.jmeter.report.processor.FilterConsumer#stopProducing(): nameFilter produced 6000 samples
2026-06-11 22:14:27,619 INFO o.a.j.r.p.AbstractSampleConsumer: class org.apache.jmeter.report.processor.FilterConsumer#stopProducing(): dateRangeFilter produced 1200 samples
2026-06-11 22:14:27,620 INFO o.a.j.r.p.AbstractSampleConsumer: class org.apache.jmeter.report.processor.NormalizerSampleConsumer#stopProducing(): normalizer produced 400 samples
2026-06-11 22:14:27,621 INFO o.a.j.r.p.CsvFileSampleSource: produce(): 400 samples produced in 274ms on channel 0
2026-06-11 22:14:27,621 INFO o.a.j.r.d.ReportGenerator: Exporting data using exporter:'json' of className:'org.apache.jmeter.report.dashboard.JsonExporter'
2026-06-11 22:14:27,771 INFO o.a.j.r.d.JsonExporter: Found data for consumer statisticsSummary in context
2026-06-11 22:14:27,771 INFO o.a.j.r.d.JsonExporter: Creating statistics for overall
2026-06-11 22:14:27,771 INFO o.a.j.r.d.JsonExporter: Creating statistics for other transactions
2026-06-11 22:14:27,772 INFO o.a.j.r.d.JsonExporter: Checking output folder
2026-06-11 22:14:27,773 INFO o.a.j.r.d.JsonExporter: Writing statistics JSON to C:\Training\PlaywrightTrainings\Mar_2026\playwright-tdd-framwork\tests\load\jmeter\report-output\statistics.json
2026-06-11 22:14:27,869 INFO o.a.j.r.d.ReportGenerator: Exporting data using exporter:'html' of className:'org.apache.jmeter.report.dashboard.HtmlTemplateExporter'
2026-06-11 22:14:27,875 INFO o.a.j.r.d.HtmlTemplateExporter: Will generate dashboard in folder: C:\Training\PlaywrightTrainings\Mar_2026\playwright-tdd-framwork\tests\load\jmeter\report-output
2026-06-11 22:14:28,282 INFO o.a.j.r.d.HtmlTemplateExporter: Report will be generated in: C:\Training\PlaywrightTrainings\Mar_2026\playwright-tdd-framwork\tests\load\jmeter\report-output, creating folder structure
2026-06-11 22:14:28,290 INFO o.a.j.r.d.TemplateVisitor: Copying folder from 'C:\Training\PlaywrightTrainings\Mar_2026\playwright-tdd-framwork\tests\load\jmeter\bin\report-template' to 'C:\Training\PlaywrightTrainings\Mar_2026\playwright-tdd-framwork\tests\load\jmeter\report-output', got message: C:\Training\PlaywrightTrainings\Mar_2026\playwright-tdd-framwork\tests\load\jmeter\report-output, found non empty folder with following content [C:\Training\PlaywrightTrainings\Mar_2026\playwright-tdd-framwork\tests\load\jmeter\report-output\statistics.json], will be ignored
