[     213ms] [ERROR] [NoriLogger] [WARN] DSPClientStrategy No events to send to endpoint @ https://m.media-amazon.com/images/I/B19d9WhMyYL.js:10
[     218ms] [ERROR] [NoriLogger] [WARN] DSPClientStrategy No events to send to endpoint @ https://m.media-amazon.com/images/I/B19d9WhMyYL.js:10
[    1183ms] [LOG] [NoriLogger] Initialized successfully @ https://m.media-amazon.com/images/I/B19d9WhMyYL.js:26
[    1301ms] [ERROR] [SushiLogger] Logger not initialized, performance not logged for: asinImageRender @ https://m.media-amazon.com/images/I/B19d9WhMyYL.js:26
[    1358ms] [LOG] [NoriLogger] Initialized successfully @ https://m.media-amazon.com/images/I/B19d9WhMyYL.js:26
[    1383ms] [ERROR] [NoriLogger] [WARN] DSPClientStrategy NoriLogger: Timer for fontsRender already exists. @ https://m.media-amazon.com/images/I/B19d9WhMyYL.js:10
[    1387ms] [ERROR] [NoriLogger] [WARN] DSPClientStrategy NoriLogger: Timer for fontsRender already exists. @ https://m.media-amazon.com/images/I/B19d9WhMyYL.js:10
[   15318ms] [WARNING] The resource https://m.media-amazon.com/images/S/sash/0pNyKI4ETttim-d.js#sfClientUrl was preloaded using link preload but not used within a few seconds from the window's load event. Please make sure it has an appropriate `as` value and it is preloaded intentionally. @ https://www.amazon.in/s?k=Sony+75+inch+TV&rh=p_36%3A-10000000:0
[   15318ms] [WARNING] The resource https://m.media-amazon.com/images/S/sash/ocO5VKsWfGplf4w.html#sfClientHtmlUrl was preloaded using link preload but not used within a few seconds from the window's load event. Please make sure it has an appropriate `as` value and it is preloaded intentionally. @ https://www.amazon.in/s?k=Sony+75+inch+TV&rh=p_36%3A-10000000:0
[   22323ms] [WARNING] The resource https://m.media-amazon.com/images/S/sash/0pNyKI4ETttim-d.js#sfClientUrl was preloaded using link preload but not used within a few seconds from the window's load event. Please make sure it has an appropriate `as` value and it is preloaded intentionally. @ https://www.amazon.in/s?k=Sony+75+inch+TV&rh=p_36%3A-10000000:0
[   22323ms] [WARNING] The resource https://m.media-amazon.com/images/S/sash/ocO5VKsWfGplf4w.html#sfClientHtmlUrl was preloaded using link preload but not used within a few seconds from the window's load event. Please make sure it has an appropriate `as` value and it is preloaded intentionally. @ https://www.amazon.in/s?k=Sony+75+inch+TV&rh=p_36%3A-10000000:0
[   33102ms] [WARNING] The resource https://m.media-amazon.com/images/S/sash/0pNyKI4ETttim-d.js#sfClientUrl was preloaded using link preload but not used within a few seconds from the window's load event. Please make sure it has an appropriate `as` value and it is preloaded intentionally. @ https://www.amazon.in/s?k=Sony+75+inch+TV&rh=p_36%3A-10000000:0
[   33102ms] [WARNING] The resource https://m.media-amazon.com/images/S/sash/ocO5VKsWfGplf4w.html#sfClientHtmlUrl was preloaded using link preload but not used within a few seconds from the window's load event. Please make sure it has an appropriate `as` value and it is preloaded intentionally. @ https://www.amazon.in/s?k=Sony+75+inch+TV&rh=p_36%3A-10000000:0
[   41115ms] [WARNING] The resource https://m.media-amazon.com/images/S/sash/0pNyKI4ETttim-d.js#sfClientUrl was preloaded using link preload but not used within a few seconds from the window's load event. Please make sure it has an appropriate `as` value and it is preloaded intentionally. @ https://www.amazon.in/s?k=Sony+75+inch+TV&rh=p_36%3A-10000000:0
[   41116ms] [WARNING] The resource https://m.media-amazon.com/images/S/sash/ocO5VKsWfGplf4w.html#sfClientHtmlUrl was preloaded using link preload but not used within a few seconds from the window's load event. Please make sure it has an appropriate `as` value and it is preloaded intentionally. @ https://www.amazon.in/s?k=Sony+75+inch+TV&rh=p_36%3A-10000000:0
[   52256ms] [WARNING] The resource https://m.media-amazon.com/images/S/sash/0pNyKI4ETttim-d.js#sfClientUrl was preloaded using link preload but not used within a few seconds from the window's load event. Please make sure it has an appropriate `as` value and it is preloaded intentionally. @ https://www.amazon.in/s?k=Sony+75+inch+TV&rh=p_36%3A-10000000:0
[   52256ms] [WARNING] The resource https://m.media-amazon.com/images/S/sash/ocO5VKsWfGplf4w.html#sfClientHtmlUrl was preloaded using link preload but not used within a few seconds from the window's load event. Please make sure it has an appropriate `as` value and it is preloaded intentionally. @ https://www.amazon.in/s?k=Sony+75+inch+TV&rh=p_36%3A-10000000:0
[   56256ms] [WARNING] The resource https://m.media-amazon.com/images/S/sash/0pNyKI4ETttim-d.js#sfClientUrl was preloaded using link preload but not used within a few seconds from the window's load event. Please make sure it has an appropriate `as` value and it is preloaded intentionally. @ https://www.amazon.in/s?k=Sony+75+inch+TV&rh=p_36%3A-10000000:0
[   56256ms] [WARNING] The resource https://m.media-amazon.com/images/S/sash/ocO5VKsWfGplf4w.html#sfClientHtmlUrl was preloaded using link preload but not used within a few seconds from the window's load event. Please make sure it has an appropriate `as` value and it is preloaded intentionally. @ https://www.amazon.in/s?k=Sony+75+inch+TV&rh=p_36%3A-10000000:0
[   71182ms] [WARNING] The resource https://m.media-amazon.com/images/S/sash/0pNyKI4ETttim-d.js#sfClientUrl was preloaded using link preload but not used within a few seconds from the window's load event. Please make sure it has an appropriate `as` value and it is preloaded intentionally. @ https://www.amazon.in/s?k=Sony+75+inch+TV&rh=p_36%3A-10000000:0
[   71182ms] [WARNING] The resource https://m.media-amazon.com/images/S/sash/ocO5VKsWfGplf4w.html#sfClientHtmlUrl was preloaded using link preload but not used within a few seconds from the window's load event. Please make sure it has an appropriate `as` value and it is preloaded intentionally. @ https://www.amazon.in/s?k=Sony+75+inch+TV&rh=p_36%3A-10000000:0
[   82329ms] [WARNING] The resource https://m.media-amazon.com/images/S/sash/0pNyKI4ETttim-d.js#sfClientUrl was preloaded using link preload but not used within a few seconds from the window's load event. Please make sure it has an appropriate `as` value and it is preloaded intentionally. @ https://www.amazon.in/s?k=Sony+75+inch+TV&rh=p_36%3A-10000000:0
[   82329ms] [WARNING] The resource https://m.media-amazon.com/images/S/sash/ocO5VKsWfGplf4w.html#sfClientHtmlUrl was preloaded using link preload but not used within a few seconds from the window's load event. Please make sure it has an appropriate `as` value and it is preloaded intentionally. @ https://www.amazon.in/s?k=Sony+75+inch+TV&rh=p_36%3A-10000000:0
[   86323ms] [WARNING] The resource https://m.media-amazon.com/images/S/sash/0pNyKI4ETttim-d.js#sfClientUrl was preloaded using link preload but not used within a few seconds from the window's load event. Please make sure it has an appropriate `as` value and it is preloaded intentionally. @ https://www.amazon.in/s?k=Sony+75+inch+TV&rh=p_36%3A-10000000:0
[   86323ms] [WARNING] The resource https://m.media-amazon.com/images/S/sash/ocO5VKsWfGplf4w.html#sfClientHtmlUrl was preloaded using link preload but not used within a few seconds from the window's load event. Please make sure it has an appropriate `as` value and it is preloaded intentionally. @ https://www.amazon.in/s?k=Sony+75+inch+TV&rh=p_36%3A-10000000:0
